<?xml version="1.0" encoding="UTF-8"?>
<testng-results ignored="0" total="2" passed="2" failed="0" skipped="0">
  <reporter-output>
  </reporter-output>
  <suite started-at="2022-12-21T16:39:22 EST" name="Default suite" finished-at="2022-12-21T16:39:22 EST" duration-ms="84">
    <groups>
    </groups>
    <test started-at="2022-12-21T16:39:22 EST" name="Default test" finished-at="2022-12-21T16:39:22 EST" duration-ms="84">
      <class name="demo1.smoke1">
        <test-method signature="regression()[pri:0, instance:demo1.smoke1@16610890]" started-at="2022-12-21T16:39:22 EST" name="regression" finished-at="2022-12-21T16:39:22 EST" duration-ms="12" status="PASS">
          <reporter-output>
          </reporter-output>
        </test-method> <!-- regression -->
        <test-method signature="smoke()[pri:0, instance:demo1.smoke1@16610890]" started-at="2022-12-21T16:39:22 EST" name="smoke" finished-at="2022-12-21T16:39:22 EST" duration-ms="2" status="PASS">
          <reporter-output>
          </reporter-output>
        </test-method> <!-- smoke -->
      </class> <!-- demo1.smoke1 -->
    </test> <!-- Default test -->
  </suite> <!-- Default suite -->
</testng-results>
